Using pre-set license
Built from '2020.3/staging' branch; Version is '2020.3.0f1 (c7b5465681fb) revision 13088070'; Using compiler version '192528614'; Build Type 'Release'
OS: 'Windows 10 Home; OS build 19041.867; Version 2004; 64bit' Language: 'en' Physical Memory: 16267 MB
BatchMode: 1, IsHumanControllingUs: 0, StartBugReporterOnCrash: 0, Is64bit: 1, IsPro: 0

 COMMAND LINE ARGUMENTS:
C:\Program Files\Unity\Hub\Editor\2020.3.0f1\Editor\Unity.exe
-adb2
-batchMode
-noUpm
-name
AssetImportWorker0
-projectPath
C:/Users/Anand K Madathil/Documents/GitHub/shellcore
-logFile
Logs/AssetImportWorker0.log
-srvPort
61882
Successfully changed project path to: C:/Users/Anand K Madathil/Documents/GitHub/shellcore
C:/Users/Anand K Madathil/Documents/GitHub/shellcore
Using Asset Import Pipeline V2.
Refreshing native plugins compatible for Editor in 38.51 ms, found 0 plugins.
Preloading 0 native plugins for Editor in 0.00 ms.
Initialize engine version: 2020.3.0f1 (c7b5465681fb)
[Subsystems] Discovering subsystems at path C:/Program Files/Unity/Hub/Editor/2020.3.0f1/Editor/Data/Resources/UnitySubsystems
[Subsystems] Discovering subsystems at path C:/Users/Anand K Madathil/Documents/GitHub/shellcore/Assets
GfxDevice: creating device client; threaded=0
Direct3D:
    Version:  Direct3D 11.0 [level 11.1]
    Renderer: NVIDIA GeForce GTX 1060 (ID=0x1c20)
    Vendor:   
    VRAM:     6052 MB
    Driver:   27.21.14.6172
Initialize mono
Mono path[0] = 'C:/Program Files/Unity/Hub/Editor/2020.3.0f1/Editor/Data/Managed'
Mono path[1] = 'C:/Program Files/Unity/Hub/Editor/2020.3.0f1/Editor/Data/MonoBleedingEdge/lib/mono/unityjit'
Mono config path = 'C:/Program Files/Unity/Hub/Editor/2020.3.0f1/Editor/Data/MonoBleedingEdge/etc'
Using monoOptions --debugger-agent=transport=dt_socket,embedding=1,server=y,suspend=n,address=127.0.0.1:56372
Begin MonoManager ReloadAssembly
Registering precompiled unity dll's ...
Register platform support module: C:/Program Files/Unity/Hub/Editor/2020.3.0f1/Editor/Data/PlaybackEngines/WindowsStandaloneSupport/UnityEditor.WindowsStandalone.Extensions.dll
Registered in 0.002282 seconds.
Native extension for WindowsStandalone target not found
Refreshing native plugins compatible for Editor in 35.20 ms, found 0 plugins.
Preloading 0 native plugins for Editor in 0.00 ms.
Invoked RoslynAnalysisRunner static constructor.
RoslynAnalysisRunner will not be running.
RoslynAnalysisRunner has terminated.
Mono: successfully reloaded assembly
- Completed reload, in  1.303 seconds
Platform modules already initialized, skipping
Registering precompiled user dll's ...
Registered in 0.002799 seconds.
Begin MonoManager ReloadAssembly
Native extension for WindowsStandalone target not found
Refreshing native plugins compatible for Editor in 0.32 ms, found 0 plugins.
Preloading 0 native plugins for Editor in 0.00 ms.
Invoked RoslynAnalysisRunner static constructor.
RoslynAnalysisRunner will not be running.
RoslynAnalysisRunner has terminated.
Mono: successfully reloaded assembly
- Completed reload, in  1.236 seconds
Platform modules already initialized, skipping
========================================================================
Worker process is ready to serve import requests
Launched and connected shader compiler UnityShaderCompiler.exe after 0.05 seconds
Refreshing native plugins compatible for Editor in 0.42 ms, found 0 plugins.
Preloading 0 native plugins for Editor in 0.00 ms.
Unloading 1087 Unused Serialized files (Serialized files now loaded: 0)
System memory in use before: 57.5 MB.
System memory in use after: 57.6 MB.

Unloading 17 unused Assets to reduce memory usage. Loaded Objects now: 1533.
Total: 3.511300 ms (FindLiveObjects: 0.705100 ms CreateObjectMapping: 0.376000 ms MarkObjects: 2.174000 ms  DeleteObjects: 0.254500 ms)

========================================================================
Received Import Request.
  path: Assets/PartIndexScript.cs
  artifactKey: Guid(d13f4ab7632905c4dbaa65124b299e9c) Importer(815301076,1909f56bfc062723c751e8b465ee728b)
Start importing Assets/PartIndexScript.cs using Guid(d13f4ab7632905c4dbaa65124b299e9c) Importer(815301076,1909f56bfc062723c751e8b465ee728b)  -> (artifact id: '7ee62432c20d8c7198c42d750ad02328') in 0.204642 seconds
  Import took 0.207863 seconds .

========================================================================
Received Import Request.
  Time since last request: 4.587889 seconds.
  path: Assets/Prefabs/Background Prefabs/backgroundclouds.prefab
  artifactKey: Guid(90ab1f6fac35e8944b869c70b15453dc) Importer(815301076,1909f56bfc062723c751e8b465ee728b)
Start importing Assets/Prefabs/Background Prefabs/backgroundclouds.prefab using Guid(90ab1f6fac35e8944b869c70b15453dc) Importer(815301076,1909f56bfc062723c751e8b465ee728b)  -> (artifact id: '59f11d7567f49e121f1901c6fdf70d51') in 0.198193 seconds
  Import took 0.202933 seconds .

========================================================================
Received Import Request.
  Time since last request: 0.000284 seconds.
  path: Assets/Prefabs/Background Prefabs/BGTiles4.prefab
  artifactKey: Guid(3b1413739a8cdd64dbae49dbcb42f287) Importer(815301076,1909f56bfc062723c751e8b465ee728b)
Start importing Assets/Prefabs/Background Prefabs/BGTiles4.prefab using Guid(3b1413739a8cdd64dbae49dbcb42f287) Importer(815301076,1909f56bfc062723c751e8b465ee728b)  -> (artifact id: 'ba9c3aaa0d741bd5f2333012767ebc12') in 0.042116 seconds
  Import took 0.045538 seconds .

========================================================================
Received Import Request.
  Time since last request: 0.000267 seconds.
  path: Assets/Prefabs/Background Prefabs/floater.prefab
  artifactKey: Guid(71fa41317535a2d4dbbb0dfeb75fb57e) Importer(815301076,1909f56bfc062723c751e8b465ee728b)
Start importing Assets/Prefabs/Background Prefabs/floater.prefab using Guid(71fa41317535a2d4dbbb0dfeb75fb57e) Importer(815301076,1909f56bfc062723c751e8b465ee728b)  -> (artifact id: 'd1deb56ca1b2c53658cd3ac1c4de187c') in 0.063501 seconds
  Import took 0.068024 seconds .

========================================================================
Received Import Request.
  Time since last request: 0.000580 seconds.
  path: Assets/Prefabs/Background Prefabs/BGTiles3.prefab
  artifactKey: Guid(a75c6bd92ac92c742a449eeb9c37f50c) Importer(815301076,1909f56bfc062723c751e8b465ee728b)
Start importing Assets/Prefabs/Background Prefabs/BGTiles3.prefab using Guid(a75c6bd92ac92c742a449eeb9c37f50c) Importer(815301076,1909f56bfc062723c751e8b465ee728b)  -> (artifact id: '7dc6d4ade600b26f1a6a7ef32442abe8') in 0.029456 seconds
  Import took 0.033646 seconds .

========================================================================
Received Import Request.
  Time since last request: 0.000248 seconds.
  path: Assets/Prefabs/Background Prefabs/BGClouds1.prefab
  artifactKey: Guid(7c902c8a8434a6b4d964ecb22341e578) Importer(815301076,1909f56bfc062723c751e8b465ee728b)
Start importing Assets/Prefabs/Background Prefabs/BGClouds1.prefab using Guid(7c902c8a8434a6b4d964ecb22341e578) Importer(815301076,1909f56bfc062723c751e8b465ee728b)  -> (artifact id: '9684ca0d3671aef0f753f0b3cf9bdb8b') in 0.034954 seconds
  Import took 0.037913 seconds .

========================================================================
Received Import Request.
  Time since last request: 0.000233 seconds.
  path: Assets/Prefabs/Background Prefabs/BGTiles2.prefab
  artifactKey: Guid(216513497d141e1488a9048794b4de8f) Importer(815301076,1909f56bfc062723c751e8b465ee728b)
Start importing Assets/Prefabs/Background Prefabs/BGTiles2.prefab using Guid(216513497d141e1488a9048794b4de8f) Importer(815301076,1909f56bfc062723c751e8b465ee728b)  -> (artifact id: 'd24c047d7fc78738eb1d2ce39c15f667') in 0.030511 seconds
  Import took 0.033319 seconds .

========================================================================
Received Import Request.
  Time since last request: 0.000272 seconds.
  path: Assets/Prefabs/Background Prefabs/BGTiles1.prefab
  artifactKey: Guid(e0f9a0c371f6b1843aac798af2eb058f) Importer(815301076,1909f56bfc062723c751e8b465ee728b)
Start importing Assets/Prefabs/Background Prefabs/BGTiles1.prefab using Guid(e0f9a0c371f6b1843aac798af2eb058f) Importer(815301076,1909f56bfc062723c751e8b465ee728b)  -> (artifact id: '83a6c5209ca65a1c50655d638007cc06') in 0.027657 seconds
  Import took 0.030270 seconds .

========================================================================
Received Import Request.
  Time since last request: 10.620441 seconds.
  path: Assets/Materials/Beam.mat
  artifactKey: Guid(5f3cff7e796e50244a54293ef32ae064) Importer(815301076,1909f56bfc062723c751e8b465ee728b)
Start importing Assets/Materials/Beam.mat using Guid(5f3cff7e796e50244a54293ef32ae064) Importer(815301076,1909f56bfc062723c751e8b465ee728b)  -> (artifact id: '39cae1f65efdd187667a3306626ee8fe') in 0.163142 seconds
  Import took 0.166846 seconds .

========================================================================
Received Import Request.
  Time since last request: 0.000283 seconds.
  path: Assets/Materials/NewRectEffectMaterialSquare.mat
  artifactKey: Guid(37f63c819ae6c274d8ed924fc281a206) Importer(815301076,1909f56bfc062723c751e8b465ee728b)
Start importing Assets/Materials/NewRectEffectMaterialSquare.mat using Guid(37f63c819ae6c274d8ed924fc281a206) Importer(815301076,1909f56bfc062723c751e8b465ee728b)  -> (artifact id: 'be18b39eb648d848d63594965bffb0af') in 0.045955 seconds
  Import took 0.050064 seconds .

========================================================================
Received Import Request.
  Time since last request: 0.000289 seconds.
  path: Assets/Materials/PartColors.mat
  artifactKey: Guid(90cd502e10e287b4992545559f7aa240) Importer(815301076,1909f56bfc062723c751e8b465ee728b)
Start importing Assets/Materials/PartColors.mat using Guid(90cd502e10e287b4992545559f7aa240) Importer(815301076,1909f56bfc062723c751e8b465ee728b)  -> (artifact id: '0ef7bb907c8a4c99b3ceac40542aadfd') in 0.043987 seconds
  Import took 0.048057 seconds .

========================================================================
Received Import Request.
  Time since last request: 0.000986 seconds.
  path: Assets/Materials/OutlineMaterial.mat
  artifactKey: Guid(80772e5582a63ad44aa0b73c40b61aba) Importer(815301076,1909f56bfc062723c751e8b465ee728b)
Start importing Assets/Materials/OutlineMaterial.mat using Guid(80772e5582a63ad44aa0b73c40b61aba) Importer(815301076,1909f56bfc062723c751e8b465ee728b)  -> (artifact id: '763c7cbb1be8c8c2caab2c8f4f10de74') in 0.044144 seconds
  Import took 0.049234 seconds .

========================================================================
Received Import Request.
  Time since last request: 0.000303 seconds.
  path: Assets/Materials/NewRectEffectMaterialCross.mat
  artifactKey: Guid(ee176e77294fb5045a1b774fe09d0ca7) Importer(815301076,1909f56bfc062723c751e8b465ee728b)
Start importing Assets/Materials/NewRectEffectMaterialCross.mat using Guid(ee176e77294fb5045a1b774fe09d0ca7) Importer(815301076,1909f56bfc062723c751e8b465ee728b)  -> (artifact id: '93e5816c552fd2eeadac55088b128223') in 0.034416 seconds
  Import took 0.039189 seconds .

========================================================================
Received Import Request.
  Time since last request: 0.000303 seconds.
  path: Assets/Materials/BulletEnd.mat
  artifactKey: Guid(51c00f5bf7b5d0a4aa75d8092baf6cf8) Importer(815301076,1909f56bfc062723c751e8b465ee728b)
Start importing Assets/Materials/BulletEnd.mat using Guid(51c00f5bf7b5d0a4aa75d8092baf6cf8) Importer(815301076,1909f56bfc062723c751e8b465ee728b)  -> (artifact id: 'bb333e5693d2d3fe104efac406805397') in 0.051527 seconds
  Import took 0.055919 seconds .

========================================================================
Received Import Request.
  Time since last request: 0.000779 seconds.
  path: Assets/Materials/ColorSwap.mat
  artifactKey: Guid(11db0898634b08349860cff50279a55b) Importer(815301076,1909f56bfc062723c751e8b465ee728b)
Start importing Assets/Materials/ColorSwap.mat using Guid(11db0898634b08349860cff50279a55b) Importer(815301076,1909f56bfc062723c751e8b465ee728b)  -> (artifact id: '20154b6a36e7cd9621dba18d91f63f20') in 0.033828 seconds
  Import took 0.039168 seconds .

========================================================================
Received Import Request.
  Time since last request: 0.000295 seconds.
  path: Assets/Materials/LPShader.mat
  artifactKey: Guid(b9abd2544add7f641b1102be1acc5d8a) Importer(815301076,1909f56bfc062723c751e8b465ee728b)
Start importing Assets/Materials/LPShader.mat using Guid(b9abd2544add7f641b1102be1acc5d8a) Importer(815301076,1909f56bfc062723c751e8b465ee728b)  -> (artifact id: 'f7ba038886949ce85ebdd1c0122fe6e2') in 0.032438 seconds
  Import took 0.037816 seconds .

========================================================================
Received Import Request.
  Time since last request: 0.000268 seconds.
  path: Assets/Materials/RectEffectMaterial.mat
  artifactKey: Guid(25abc2256c077674a873f1decdf02372) Importer(815301076,1909f56bfc062723c751e8b465ee728b)
Start importing Assets/Materials/RectEffectMaterial.mat using Guid(25abc2256c077674a873f1decdf02372) Importer(815301076,1909f56bfc062723c751e8b465ee728b)  -> (artifact id: '396042689b98bb0b11891dc9a933025e') in 0.121651 seconds
  Import took 0.124810 seconds .

========================================================================
Received Import Request.
  Time since last request: 0.000241 seconds.
  path: Assets/Materials/LightTest.mat
  artifactKey: Guid(baabcc7ef43da7f41bd28dce46c5807d) Importer(815301076,1909f56bfc062723c751e8b465ee728b)
Start importing Assets/Materials/LightTest.mat using Guid(baabcc7ef43da7f41bd28dce46c5807d) Importer(815301076,1909f56bfc062723c751e8b465ee728b)  -> (artifact id: '3b28119381826599164fe36b7a560902') in 0.491564 seconds
  Import took 0.494596 seconds .

========================================================================
Received Import Request.
  Time since last request: 0.000207 seconds.
  path: Assets/Materials/New Material.mat
  artifactKey: Guid(a638cea8e37229a4c9fbd6d00c705513) Importer(815301076,1909f56bfc062723c751e8b465ee728b)
Start importing Assets/Materials/New Material.mat using Guid(a638cea8e37229a4c9fbd6d00c705513) Importer(815301076,1909f56bfc062723c751e8b465ee728b)  -> (artifact id: '3434d2fa6826c7bbb403f0c3e938471e') in 0.032741 seconds
  Import took 0.035178 seconds .

========================================================================
Received Import Request.
  Time since last request: 0.000242 seconds.
  path: Assets/Materials/NewRectEffectMaterialCross 1.mat
  artifactKey: Guid(6c2e4cc475d7ddd4cbf53f70cb752e5d) Importer(815301076,1909f56bfc062723c751e8b465ee728b)
Start importing Assets/Materials/NewRectEffectMaterialCross 1.mat using Guid(6c2e4cc475d7ddd4cbf53f70cb752e5d) Importer(815301076,1909f56bfc062723c751e8b465ee728b)  -> (artifact id: '818573945d37c8f9e0fe90ddac46ff19') in 0.036612 seconds
  Import took 0.040164 seconds .

========================================================================
Received Import Request.
  Time since last request: 0.000314 seconds.
  path: Assets/Materials/White.mat
  artifactKey: Guid(2592896f9ff9ee54dae8b5d8ebc425e3) Importer(815301076,1909f56bfc062723c751e8b465ee728b)
Start importing Assets/Materials/White.mat using Guid(2592896f9ff9ee54dae8b5d8ebc425e3) Importer(815301076,1909f56bfc062723c751e8b465ee728b)  -> (artifact id: '813990584ef8efeb1a2764bb0892f41b') in 0.019807 seconds
  Import took 0.022600 seconds .

========================================================================
Received Import Request.
  Time since last request: 0.794350 seconds.
  path: Assets/Renders/Minimap Render.renderTexture
  artifactKey: Guid(45c456571e71f1d40b05b09a3fb45cb7) Importer(815301076,1909f56bfc062723c751e8b465ee728b)
Start importing Assets/Renders/Minimap Render.renderTexture using Guid(45c456571e71f1d40b05b09a3fb45cb7) Importer(815301076,1909f56bfc062723c751e8b465ee728b)  -> (artifact id: '0f828263315dc7ccbbd3d47b9701e0c4') in 0.038110 seconds
  Import took 0.040779 seconds .

========================================================================
Received Import Request.
  Time since last request: 10.156777 seconds.
  path: Assets/Prefabs/Camera Prefabs
  artifactKey: Guid(c59f3cca3f754584498de8ed87ca52fe) Importer(815301076,1909f56bfc062723c751e8b465ee728b)
Start importing Assets/Prefabs/Camera Prefabs using Guid(c59f3cca3f754584498de8ed87ca52fe) Importer(815301076,1909f56bfc062723c751e8b465ee728b)  -> (artifact id: '5936f2d1736079133e2b2ce68ae7b2ea') in 0.012056 seconds
  Import took 0.015074 seconds .

========================================================================
Received Import Request.
  Time since last request: 5.740815 seconds.
  path: Assets/Sprites/configscreen.png
  artifactKey: Guid(038a490cf2bc0e448af9aa97a3a2bc0b) Importer(815301076,1909f56bfc062723c751e8b465ee728b)
Start importing Assets/Sprites/configscreen.png using Guid(038a490cf2bc0e448af9aa97a3a2bc0b) Importer(815301076,1909f56bfc062723c751e8b465ee728b)  -> (artifact id: 'f66c006a1d878b00fe51b34fbac80739') in 0.074368 seconds
  Import took 0.076818 seconds .

========================================================================
Received Import Request.
  Time since last request: 0.000316 seconds.
  path: Assets/Sprites/CUSlotImage.png
  artifactKey: Guid(ad37d1cd5a19ecc49afc95520a14547c) Importer(815301076,1909f56bfc062723c751e8b465ee728b)
Start importing Assets/Sprites/CUSlotImage.png using Guid(ad37d1cd5a19ecc49afc95520a14547c) Importer(815301076,1909f56bfc062723c751e8b465ee728b)  -> (artifact id: 'cd9ee940ccc7d5b2e83a0ef340d9c547') in 0.028665 seconds
  Import took 0.031331 seconds .

========================================================================
Received Import Request.
  Time since last request: 0.000475 seconds.
  path: Assets/Sprites/menu.png
  artifactKey: Guid(7f7a83aa2c436f34fb1aeda228895ba7) Importer(815301076,1909f56bfc062723c751e8b465ee728b)
Start importing Assets/Sprites/menu.png using Guid(7f7a83aa2c436f34fb1aeda228895ba7) Importer(815301076,1909f56bfc062723c751e8b465ee728b)  -> (artifact id: '609408acf206526cb84b1c0b023b4ad3') in 0.083427 seconds
  Import took 0.085962 seconds .

========================================================================
Received Import Request.
  Time since last request: 0.000399 seconds.
  path: Assets/Sprites/CUSlotImage.png
  artifactKey: Guid(ad37d1cd5a19ecc49afc95520a14547c) Importer(815301076,1909f56bfc062723c751e8b465ee728b)
Start importing Assets/Sprites/CUSlotImage.png using Guid(ad37d1cd5a19ecc49afc95520a14547c) Importer(815301076,1909f56bfc062723c751e8b465ee728b)  -> (artifact id: 'cd9ee940ccc7d5b2e83a0ef340d9c547') in 0.013618 seconds
  Import took 0.015833 seconds .

========================================================================
Received Import Request.
  Time since last request: 0.000395 seconds.
  path: Assets/Sprites/Discord-Logo-White.png
  artifactKey: Guid(5a4ea14b7243f3342a727f6df59e299c) Importer(815301076,1909f56bfc062723c751e8b465ee728b)
Start importing Assets/Sprites/Discord-Logo-White.png using Guid(5a4ea14b7243f3342a727f6df59e299c) Importer(815301076,1909f56bfc062723c751e8b465ee728b)  -> (artifact id: '8a4cd7fd079c51d913dc59d9210ab0ea') in 0.031035 seconds
  Import took 0.033389 seconds .

========================================================================
Received Import Request.
  Time since last request: 11.010082 seconds.
  path: Assets/Scripts/Game Object Definitions/Entity Definitions
  artifactKey: Guid(a6353b5d2bfcacd4f9d5695c99c77299) Importer(815301076,1909f56bfc062723c751e8b465ee728b)
Start importing Assets/Scripts/Game Object Definitions/Entity Definitions using Guid(a6353b5d2bfcacd4f9d5695c99c77299) Importer(815301076,1909f56bfc062723c751e8b465ee728b)  -> (artifact id: '69ccd39af039bd2e623fb8645e3a75ed') in 0.013041 seconds
  Import took 0.015838 seconds .

========================================================================
Received Import Request.
  Time since last request: 6.245031 seconds.
  path: Assets/Blueprints/Entities
  artifactKey: Guid(f351de7184e9e564a9828fc0a551fce6) Importer(815301076,1909f56bfc062723c751e8b465ee728b)
Start importing Assets/Blueprints/Entities using Guid(f351de7184e9e564a9828fc0a551fce6) Importer(815301076,1909f56bfc062723c751e8b465ee728b)  -> (artifact id: '94bcf1c2e2f8d9f03c2c2c1600178be3') in 0.016003 seconds
  Import took 0.018493 seconds .

========================================================================
Received Import Request.
  Time since last request: 0.857029 seconds.
  path: Assets/Blueprints/Entities/Crafts
  artifactKey: Guid(b0571ef1b7f105c46b64b075dbe6fab4) Importer(815301076,1909f56bfc062723c751e8b465ee728b)
Start importing Assets/Blueprints/Entities/Crafts using Guid(b0571ef1b7f105c46b64b075dbe6fab4) Importer(815301076,1909f56bfc062723c751e8b465ee728b)  -> (artifact id: '91ad26a2d40498fa7fd213339be43c21') in 0.013927 seconds
  Import took 0.016458 seconds .

========================================================================
Received Import Request.
  Time since last request: 0.796479 seconds.
  path: Assets/Blueprints/Entities/Crafts/Ground Crafts
  artifactKey: Guid(5f4c610dba4f19e45ba70142d1c6568f) Importer(815301076,1909f56bfc062723c751e8b465ee728b)
Start importing Assets/Blueprints/Entities/Crafts/Ground Crafts using Guid(5f4c610dba4f19e45ba70142d1c6568f) Importer(815301076,1909f56bfc062723c751e8b465ee728b)  -> (artifact id: 'e6f6ea81a76f2e209f2551aab7145218') in 0.013033 seconds
  Import took 0.015794 seconds .

========================================================================
Received Import Request.
  Time since last request: 0.663706 seconds.
  path: Assets/Blueprints/Entities/Crafts/Ground Crafts/Tanks
  artifactKey: Guid(7dad216901b0b4643aed1acba917bca6) Importer(815301076,1909f56bfc062723c751e8b465ee728b)
Start importing Assets/Blueprints/Entities/Crafts/Ground Crafts/Tanks using Guid(7dad216901b0b4643aed1acba917bca6) Importer(815301076,1909f56bfc062723c751e8b465ee728b)  -> (artifact id: 'f4ad6f1539ccc143aa454368ae21aeda') in 0.014461 seconds
  Import took 0.016648 seconds .

========================================================================
Received Import Request.
  Time since last request: 0.055093 seconds.
  path: Assets/Blueprints/Entities/Crafts/Ground Crafts/Tanks/Beam Tank.asset
  artifactKey: Guid(a07c6902837dfbe47a7289fea0b5d8b2) Importer(815301076,1909f56bfc062723c751e8b465ee728b)
Start importing Assets/Blueprints/Entities/Crafts/Ground Crafts/Tanks/Beam Tank.asset using Guid(a07c6902837dfbe47a7289fea0b5d8b2) Importer(815301076,1909f56bfc062723c751e8b465ee728b)  -> (artifact id: 'fb7adc495429986f9f67082e3551ca5b') in 0.012888 seconds
  Import took 0.015467 seconds .

========================================================================
Received Import Request.
  Time since last request: 0.000328 seconds.
  path: Assets/Blueprints/Entities/Crafts/Ground Crafts/Tanks/Missile Tank.asset
  artifactKey: Guid(9aaf616ced57edf439a503ef39dd088f) Importer(815301076,1909f56bfc062723c751e8b465ee728b)
Start importing Assets/Blueprints/Entities/Crafts/Ground Crafts/Tanks/Missile Tank.asset using Guid(9aaf616ced57edf439a503ef39dd088f) Importer(815301076,1909f56bfc062723c751e8b465ee728b)  -> (artifact id: '87a551cf6dc8ac9069e73e324a67d580') in 0.018769 seconds
  Import took 0.020891 seconds .

========================================================================
Received Import Request.
  Time since last request: 0.000340 seconds.
  path: Assets/Blueprints/Entities/Crafts/Ground Crafts/Tanks/Siege Tank.asset
  artifactKey: Guid(81accb15a45e56247bfa93a5478e0d9d) Importer(815301076,1909f56bfc062723c751e8b465ee728b)
Start importing Assets/Blueprints/Entities/Crafts/Ground Crafts/Tanks/Siege Tank.asset using Guid(81accb15a45e56247bfa93a5478e0d9d) Importer(815301076,1909f56bfc062723c751e8b465ee728b)  -> (artifact id: 'd3feb9c60bf7352271e8b4ff12b3b991') in 0.007925 seconds
  Import took 0.010142 seconds .

========================================================================
Received Import Request.
  Time since last request: 0.000351 seconds.
  path: Assets/Blueprints/Entities/Crafts/Ground Crafts/Tanks/Speeder Tank.asset
  artifactKey: Guid(5546e1a429a17d44b9b60e631354e011) Importer(815301076,1909f56bfc062723c751e8b465ee728b)
Start importing Assets/Blueprints/Entities/Crafts/Ground Crafts/Tanks/Speeder Tank.asset using Guid(5546e1a429a17d44b9b60e631354e011) Importer(815301076,1909f56bfc062723c751e8b465ee728b)  -> (artifact id: '1e7a61cec56059cd36fa8b37a67986b6') in 0.011094 seconds
  Import took 0.013257 seconds .

========================================================================
Received Import Request.
  Time since last request: 0.000325 seconds.
  path: Assets/Blueprints/Entities/Crafts/Ground Crafts/Tanks/Laser Tank.asset
  artifactKey: Guid(5c457fbfe0e65f24692bec3236d87d0a) Importer(815301076,1909f56bfc062723c751e8b465ee728b)
Start importing Assets/Blueprints/Entities/Crafts/Ground Crafts/Tanks/Laser Tank.asset using Guid(5c457fbfe0e65f24692bec3236d87d0a) Importer(815301076,1909f56bfc062723c751e8b465ee728b)  -> (artifact id: '9bce38549def6866fdcb0748c63c8565') in 0.011636 seconds
  Import took 0.014247 seconds .

========================================================================
Received Import Request.
  Time since last request: 0.000299 seconds.
  path: Assets/Blueprints/Entities/Crafts/Ground Crafts/Tanks/Bullet Tank.asset
  artifactKey: Guid(ace15ffb3f0c4184c9cabb6817292d37) Importer(815301076,1909f56bfc062723c751e8b465ee728b)
Start importing Assets/Blueprints/Entities/Crafts/Ground Crafts/Tanks/Bullet Tank.asset using Guid(ace15ffb3f0c4184c9cabb6817292d37) Importer(815301076,1909f56bfc062723c751e8b465ee728b)  -> (artifact id: 'e7fc693accedd4cacacdbe710ee82b11') in 0.010841 seconds
  Import took 0.012910 seconds .

========================================================================
Received Import Request.
  Time since last request: 0.002121 seconds.
  path: Assets/Blueprints/Entities/Crafts/Ground Crafts/Tanks/Laser Tank.asset
  artifactKey: Guid(5c457fbfe0e65f24692bec3236d87d0a) Importer(815301076,1909f56bfc062723c751e8b465ee728b)
Start importing Assets/Blueprints/Entities/Crafts/Ground Crafts/Tanks/Laser Tank.asset using Guid(5c457fbfe0e65f24692bec3236d87d0a) Importer(815301076,1909f56bfc062723c751e8b465ee728b)  -> (artifact id: '9bce38549def6866fdcb0748c63c8565') in 0.004681 seconds
  Import took 0.007152 seconds .

========================================================================
Received Import Request.
  Time since last request: 4.926505 seconds.
  path: Assets/Blueprints/Parts/beam_part.asset
  artifactKey: Guid(d02b968ac7478454eb3c0f1b6f349e43) Importer(815301076,1909f56bfc062723c751e8b465ee728b)
Start importing Assets/Blueprints/Parts/beam_part.asset using Guid(d02b968ac7478454eb3c0f1b6f349e43) Importer(815301076,1909f56bfc062723c751e8b465ee728b)  -> (artifact id: '7835b0711e43bf89eed32c63ded828bf') in 0.011144 seconds
  Import took 0.013350 seconds .

========================================================================
Received Import Request.
  Time since last request: 0.000335 seconds.
  path: Assets/Blueprints/Parts/outpost_part.asset
  artifactKey: Guid(1383b1dd4aea49548a77bd5e8f177746) Importer(815301076,1909f56bfc062723c751e8b465ee728b)
Start importing Assets/Blueprints/Parts/outpost_part.asset using Guid(1383b1dd4aea49548a77bd5e8f177746) Importer(815301076,1909f56bfc062723c751e8b465ee728b)  -> (artifact id: '6aaeb268b965e8e07c51552e99d254fe') in 0.008567 seconds
  Import took 0.010373 seconds .

========================================================================
Received Import Request.
  Time since last request: 0.000341 seconds.
  path: Assets/Blueprints/Parts/BigCenter1.asset
  artifactKey: Guid(573a1cb075f7a0543b18402992de7b05) Importer(815301076,1909f56bfc062723c751e8b465ee728b)
Start importing Assets/Blueprints/Parts/BigCenter1.asset using Guid(573a1cb075f7a0543b18402992de7b05) Importer(815301076,1909f56bfc062723c751e8b465ee728b)  -> (artifact id: 'e3b91817f99bc9160687349f11276cce') in 0.010211 seconds
  Import took 0.012108 seconds .

========================================================================
Received Import Request.
  Time since last request: 0.000352 seconds.
  path: Assets/Blueprints/Parts/Part1.asset
  artifactKey: Guid(9a4c07ac72078434cb7dd284506d6b3d) Importer(815301076,1909f56bfc062723c751e8b465ee728b)
Start importing Assets/Blueprints/Parts/Part1.asset using Guid(9a4c07ac72078434cb7dd284506d6b3d) Importer(815301076,1909f56bfc062723c751e8b465ee728b)  -> (artifact id: 'b981c36cc745506a6651fddd39c478ad') in 0.008684 seconds
  Import took 0.010907 seconds .

========================================================================
Received Import Request.
  Time since last request: 0.000346 seconds.
  path: Assets/Blueprints/Parts/MediumCenter3.asset
  artifactKey: Guid(8181db9665b9a5043bb333f1640ffeb0) Importer(815301076,1909f56bfc062723c751e8b465ee728b)
Start importing Assets/Blueprints/Parts/MediumCenter3.asset using Guid(8181db9665b9a5043bb333f1640ffeb0) Importer(815301076,1909f56bfc062723c751e8b465ee728b)  -> (artifact id: '77a0a21ee76618675381c16dcbe970d4') in 0.008935 seconds
  Import took 0.011130 seconds .

========================================================================
Received Import Request.
  Time since last request: 0.000327 seconds.
  path: Assets/Blueprints/Parts/Part2.asset
  artifactKey: Guid(123f3aae5cf07dc4a97d44ae7273542c) Importer(815301076,1909f56bfc062723c751e8b465ee728b)
Start importing Assets/Blueprints/Parts/Part2.asset using Guid(123f3aae5cf07dc4a97d44ae7273542c) Importer(815301076,1909f56bfc062723c751e8b465ee728b)  -> (artifact id: '312eea9d7cb965b969cc0427b4c52209') in 0.008589 seconds
  Import took 0.010700 seconds .

========================================================================
Received Import Request.
  Time since last request: 0.000403 seconds.
  path: Assets/Blueprints/Parts/Part3.asset
  artifactKey: Guid(c1a58aaebd179604f8705c93982d3a1e) Importer(815301076,1909f56bfc062723c751e8b465ee728b)
Start importing Assets/Blueprints/Parts/Part3.asset using Guid(c1a58aaebd179604f8705c93982d3a1e) Importer(815301076,1909f56bfc062723c751e8b465ee728b)  -> (artifact id: '4fff37520e0a9abfe48391f2dd964e36') in 0.008824 seconds
  Import took 0.010800 seconds .

========================================================================
Received Import Request.
  Time since last request: 0.000339 seconds.
  path: Assets/Blueprints/Parts/Part10.asset
  artifactKey: Guid(70727eb2b2a0d8e408cb22855132015e) Importer(815301076,1909f56bfc062723c751e8b465ee728b)
Start importing Assets/Blueprints/Parts/Part10.asset using Guid(70727eb2b2a0d8e408cb22855132015e) Importer(815301076,1909f56bfc062723c751e8b465ee728b)  -> (artifact id: '4cff1a589f2baecc070050158ce0dab8') in 0.008966 seconds
  Import took 0.010972 seconds .

========================================================================
Received Import Request.
  Time since last request: 0.000344 seconds.
  path: Assets/Blueprints/Parts/Part11.asset
  artifactKey: Guid(d020e4738fb99ab48986928e6c3d5b2f) Importer(815301076,1909f56bfc062723c751e8b465ee728b)
Start importing Assets/Blueprints/Parts/Part11.asset using Guid(d020e4738fb99ab48986928e6c3d5b2f) Importer(815301076,1909f56bfc062723c751e8b465ee728b)  -> (artifact id: '4b571d992ef3af39bde2d483ea79c301') in 0.008500 seconds
  Import took 0.010935 seconds .

========================================================================
Received Import Request.
  Time since last request: 0.000387 seconds.
  path: Assets/Blueprints/Parts/Part8_mini_drone.asset
  artifactKey: Guid(c6e3fb03f12ab0449bcaf131270e3d9a) Importer(815301076,1909f56bfc062723c751e8b465ee728b)
Start importing Assets/Blueprints/Parts/Part8_mini_drone.asset using Guid(c6e3fb03f12ab0449bcaf131270e3d9a) Importer(815301076,1909f56bfc062723c751e8b465ee728b)  -> (artifact id: '0b9d62e2b3c8da6df2640dfe2e6bc41d') in 0.011277 seconds
  Import took 0.013544 seconds .

========================================================================
Received Import Request.
  Time since last request: 0.000249 seconds.
  path: Assets/Blueprints/Parts/Part14.asset
  artifactKey: Guid(02a7263816e266340a362d996a2d7434) Importer(815301076,1909f56bfc062723c751e8b465ee728b)
Start importing Assets/Blueprints/Parts/Part14.asset using Guid(02a7263816e266340a362d996a2d7434) Importer(815301076,1909f56bfc062723c751e8b465ee728b)  -> (artifact id: '22a1dd26ee30b933247ab208899417aa') in 0.009547 seconds
  Import took 0.012000 seconds .

========================================================================
Received Import Request.
  Time since last request: 0.000293 seconds.
  path: Assets/Blueprints/Parts/Part15.asset
  artifactKey: Guid(41be897cb7cb4564785f69dea468de60) Importer(815301076,1909f56bfc062723c751e8b465ee728b)
Start importing Assets/Blueprints/Parts/Part15.asset using Guid(41be897cb7cb4564785f69dea468de60) Importer(815301076,1909f56bfc062723c751e8b465ee728b)  -> (artifact id: 'd22fda6c38e7042600037305d09bb6f8') in 0.010445 seconds
  Import took 0.012597 seconds .

========================================================================
Received Import Request.
  Time since last request: 0.000306 seconds.
  path: Assets/Blueprints/Parts/tank_siegebullet_part.asset
  artifactKey: Guid(0ed5e6cd70f36cd45adf742d5a142059) Importer(815301076,1909f56bfc062723c751e8b465ee728b)
Start importing Assets/Blueprints/Parts/tank_siegebullet_part.asset using Guid(0ed5e6cd70f36cd45adf742d5a142059) Importer(815301076,1909f56bfc062723c751e8b465ee728b)  -> (artifact id: 'f54bb18ff830b871c7699f689135e6de') in 0.011787 seconds
  Import took 0.015031 seconds .

========================================================================
Received Import Request.
  Time since last request: 0.000283 seconds.
  path: Assets/Blueprints/Parts/tank_bullet_part.asset
  artifactKey: Guid(4dc1f09b613169542a40854239a59e26) Importer(815301076,1909f56bfc062723c751e8b465ee728b)
Start importing Assets/Blueprints/Parts/tank_bullet_part.asset using Guid(4dc1f09b613169542a40854239a59e26) Importer(815301076,1909f56bfc062723c751e8b465ee728b)  -> (artifact id: 'b603bb35cfcedadc10bd424ea9172e57') in 0.012279 seconds
  Import took 0.015053 seconds .

========================================================================
Received Import Request.
  Time since last request: 0.000302 seconds.
  path: Assets/Blueprints/Parts/tank_beam_part.asset
  artifactKey: Guid(fb46e8167f17ab14e8c93e314ab0eb06) Importer(815301076,1909f56bfc062723c751e8b465ee728b)
Start importing Assets/Blueprints/Parts/tank_beam_part.asset using Guid(fb46e8167f17ab14e8c93e314ab0eb06) Importer(815301076,1909f56bfc062723c751e8b465ee728b)  -> (artifact id: '034c203008800a51eb12d9dfcb7969f6') in 0.011695 seconds
  Import took 0.014685 seconds .

========================================================================
Received Import Request.
  Time since last request: 0.000281 seconds.
  path: Assets/Blueprints/Parts/siegebullet_part.asset
  artifactKey: Guid(122728d670e196546bf70100fceabb8c) Importer(815301076,1909f56bfc062723c751e8b465ee728b)
Start importing Assets/Blueprints/Parts/siegebullet_part.asset using Guid(122728d670e196546bf70100fceabb8c) Importer(815301076,1909f56bfc062723c751e8b465ee728b)  -> (artifact id: '7970ffd08074df430cc11e49aad68515') in 0.010563 seconds
  Import took 0.012639 seconds .

========================================================================
Received Import Request.
  Time since last request: 0.000203 seconds.
  path: Assets/Blueprints/Parts/tank_missile_part.asset
  artifactKey: Guid(482b436b33614294fb31eccbd1ed0709) Importer(815301076,1909f56bfc062723c751e8b465ee728b)
Start importing Assets/Blueprints/Parts/tank_missile_part.asset using Guid(482b436b33614294fb31eccbd1ed0709) Importer(815301076,1909f56bfc062723c751e8b465ee728b)  -> (artifact id: '5e70fce39d16e175a725247a745efe84') in 0.011150 seconds
  Import took 0.014523 seconds .

========================================================================
Received Import Request.
  Time since last request: 0.000365 seconds.
  path: Assets/Blueprints/Parts/tank_speederbullet_part.asset
  artifactKey: Guid(7c6296270c5c7504c8b8ff0ab1043f32) Importer(815301076,1909f56bfc062723c751e8b465ee728b)
Start importing Assets/Blueprints/Parts/tank_speederbullet_part.asset using Guid(7c6296270c5c7504c8b8ff0ab1043f32) Importer(815301076,1909f56bfc062723c751e8b465ee728b)  -> (artifact id: '5a2e22bc6343043ac3e1d9ae2d95c1c0') in 0.010521 seconds
  Import took 0.013328 seconds .

========================================================================
Received Import Request.
  Time since last request: 0.000236 seconds.
  path: Assets/Blueprints/Parts/missile_station_part.asset
  artifactKey: Guid(348c85c3551bade4aa8133dd50525626) Importer(815301076,1909f56bfc062723c751e8b465ee728b)
Start importing Assets/Blueprints/Parts/missile_station_part.asset using Guid(348c85c3551bade4aa8133dd50525626) Importer(815301076,1909f56bfc062723c751e8b465ee728b)  -> (artifact id: '74d4a368ff35b9ae72247f5ebe2b8290') in 0.011491 seconds
  Import took 0.013533 seconds .

========================================================================
Received Import Request.
  Time since last request: 0.000276 seconds.
  path: Assets/Blueprints/Parts/Part5.asset
  artifactKey: Guid(94f07175c147e9549bde98e2456d3242) Importer(815301076,1909f56bfc062723c751e8b465ee728b)
Start importing Assets/Blueprints/Parts/Part5.asset using Guid(94f07175c147e9549bde98e2456d3242) Importer(815301076,1909f56bfc062723c751e8b465ee728b)  -> (artifact id: 'a9dda0a82e2b3e6dcf4e095cb2eb1c2f') in 0.010772 seconds
  Import took 0.013387 seconds .

========================================================================
Received Import Request.
  Time since last request: 0.000264 seconds.
  path: Assets/Blueprints/Parts/Part12.asset
  artifactKey: Guid(53860df8ee533d34cb58a3965fe572c1) Importer(815301076,1909f56bfc062723c751e8b465ee728b)
Start importing Assets/Blueprints/Parts/Part12.asset using Guid(53860df8ee533d34cb58a3965fe572c1) Importer(815301076,1909f56bfc062723c751e8b465ee728b)  -> (artifact id: 'd775f1937055d58dac077ea08313c417') in 0.011935 seconds
  Import took 0.014464 seconds .

========================================================================
Received Import Request.
  Time since last request: 0.000208 seconds.
  path: Assets/Blueprints/Parts/missile_part.asset
  artifactKey: Guid(eab3cb2266c8891408f3cc6704b2df57) Importer(815301076,1909f56bfc062723c751e8b465ee728b)
Start importing Assets/Blueprints/Parts/missile_part.asset using Guid(eab3cb2266c8891408f3cc6704b2df57) Importer(815301076,1909f56bfc062723c751e8b465ee728b)  -> (artifact id: 'a45ca4f5a286a543238599ede99f0a24') in 0.010693 seconds
  Import took 0.013438 seconds .

========================================================================
Received Import Request.
  Time since last request: 0.000236 seconds.
  path: Assets/Blueprints/Parts/bullet_part.asset
  artifactKey: Guid(a94713dd08116df47837083331a7ecee) Importer(815301076,1909f56bfc062723c751e8b465ee728b)
Start importing Assets/Blueprints/Parts/bullet_part.asset using Guid(a94713dd08116df47837083331a7ecee) Importer(815301076,1909f56bfc062723c751e8b465ee728b)  -> (artifact id: 'b0aa2dca73dd477c7e4f74b3781d5b2a') in 0.011853 seconds
  Import took 0.014382 seconds .

========================================================================
Received Import Request.
  Time since last request: 0.000263 seconds.
  path: Assets/Blueprints/Parts/Part8.asset
  artifactKey: Guid(b6d2895da35c0f648be5812504f4a845) Importer(815301076,1909f56bfc062723c751e8b465ee728b)
Start importing Assets/Blueprints/Parts/Part8.asset using Guid(b6d2895da35c0f648be5812504f4a845) Importer(815301076,1909f56bfc062723c751e8b465ee728b)  -> (artifact id: 'c580588d209fa7ee402025bcf0d1fc22') in 0.009889 seconds
  Import took 0.012737 seconds .

========================================================================
Received Import Request.
  Time since last request: 0.000229 seconds.
  path: Assets/Blueprints/Parts/part2_beam.asset
  artifactKey: Guid(c061d8a578ce69e4b83ca86ec744cf50) Importer(815301076,1909f56bfc062723c751e8b465ee728b)
Start importing Assets/Blueprints/Parts/part2_beam.asset using Guid(c061d8a578ce69e4b83ca86ec744cf50) Importer(815301076,1909f56bfc062723c751e8b465ee728b)  -> (artifact id: 'dff213df9eb9e029748bc727b71a8db1') in 0.010556 seconds
  Import took 0.012675 seconds .

========================================================================
Received Import Request.
  Time since last request: 0.000285 seconds.
  path: Assets/Blueprints/Parts/Part4.asset
  artifactKey: Guid(7c9108a17197d5a41870837009676aff) Importer(815301076,1909f56bfc062723c751e8b465ee728b)
Start importing Assets/Blueprints/Parts/Part4.asset using Guid(7c9108a17197d5a41870837009676aff) Importer(815301076,1909f56bfc062723c751e8b465ee728b)  -> (artifact id: 'c01896afc722fb5f06615c12bdbcf38d') in 0.009052 seconds
  Import took 0.011358 seconds .

========================================================================
Received Import Request.
  Time since last request: 0.000358 seconds.
  path: Assets/Blueprints/Parts/Part16.asset
  artifactKey: Guid(1268d709b8f62164aab5d9aaccd9cca3) Importer(815301076,1909f56bfc062723c751e8b465ee728b)
Start importing Assets/Blueprints/Parts/Part16.asset using Guid(1268d709b8f62164aab5d9aaccd9cca3) Importer(815301076,1909f56bfc062723c751e8b465ee728b)  -> (artifact id: '4e6d716dd5ad4a6fb6341f9c9baa7688') in 0.009030 seconds
  Import took 0.011651 seconds .

========================================================================
Received Import Request.
  Time since last request: 0.000302 seconds.
  path: Assets/Blueprints/Parts/Part7.asset
  artifactKey: Guid(cf84c8ccbdca3a44192fc6aef1c30624) Importer(815301076,1909f56bfc062723c751e8b465ee728b)
Start importing Assets/Blueprints/Parts/Part7.asset using Guid(cf84c8ccbdca3a44192fc6aef1c30624) Importer(815301076,1909f56bfc062723c751e8b465ee728b)  -> (artifact id: 'ccc5556837bfad2e1daeb4f8ba0defdf') in 0.010273 seconds
  Import took 0.013482 seconds .

========================================================================
Received Import Request.
  Time since last request: 0.000228 seconds.
  path: Assets/Blueprints/Parts/Part9.asset
  artifactKey: Guid(05448365cc8358d48877c4687c0aa32f) Importer(815301076,1909f56bfc062723c751e8b465ee728b)
Start importing Assets/Blueprints/Parts/Part9.asset using Guid(05448365cc8358d48877c4687c0aa32f) Importer(815301076,1909f56bfc062723c751e8b465ee728b)  -> (artifact id: '36c5e4780a3c21baf7c5567fd3cd2e9f') in 0.009062 seconds
  Import took 0.010900 seconds .

========================================================================
Received Import Request.
  Time since last request: 0.000216 seconds.
  path: Assets/Blueprints/Parts/Part13.asset
  artifactKey: Guid(880acc7b206e1f641af079d829ad9241) Importer(815301076,1909f56bfc062723c751e8b465ee728b)
Start importing Assets/Blueprints/Parts/Part13.asset using Guid(880acc7b206e1f641af079d829ad9241) Importer(815301076,1909f56bfc062723c751e8b465ee728b)  -> (artifact id: 'af263d780a8e6801cb6eee4ee2985ec6') in 0.009640 seconds
  Import took 0.011703 seconds .

========================================================================
Received Import Request.
  Time since last request: 0.000398 seconds.
  path: Assets/Blueprints/Parts/tank_laser_part.asset
  artifactKey: Guid(4ea1ebbc9bd990d478d979594992beb1) Importer(815301076,1909f56bfc062723c751e8b465ee728b)
Start importing Assets/Blueprints/Parts/tank_laser_part.asset using Guid(4ea1ebbc9bd990d478d979594992beb1) Importer(815301076,1909f56bfc062723c751e8b465ee728b)  -> (artifact id: 'b094a1dc42a4abdbd32c9305852da7b7') in 0.009666 seconds
  Import took 0.011840 seconds .

========================================================================
Received Import Request.
  Time since last request: 0.000315 seconds.
  path: Assets/Blueprints/Parts/torpedo_part.asset
  artifactKey: Guid(8663ccf597d6a0742a724b3342f5fc2d) Importer(815301076,1909f56bfc062723c751e8b465ee728b)
Start importing Assets/Blueprints/Parts/torpedo_part.asset using Guid(8663ccf597d6a0742a724b3342f5fc2d) Importer(815301076,1909f56bfc062723c751e8b465ee728b)  -> (artifact id: '6873d5c30a114596a46ce45054a9930e') in 0.009302 seconds
  Import took 0.012483 seconds .

========================================================================
Received Import Request.
  Time since last request: 0.000214 seconds.
  path: Assets/Blueprints/Parts/Part6.asset
  artifactKey: Guid(7312e615c0b7a064a9677cebe54361e0) Importer(815301076,1909f56bfc062723c751e8b465ee728b)
Start importing Assets/Blueprints/Parts/Part6.asset using Guid(7312e615c0b7a064a9677cebe54361e0) Importer(815301076,1909f56bfc062723c751e8b465ee728b)  -> (artifact id: 'aabc10bb74fa977a65fba777bd5d0ad2') in 0.009510 seconds
  Import took 0.011789 seconds .

========================================================================
Received Import Request.
  Time since last request: 0.000262 seconds.
  path: Assets/Blueprints/Parts/harvester_part.asset
  artifactKey: Guid(775f84824ad4daa4b9881e301b4b71dc) Importer(815301076,1909f56bfc062723c751e8b465ee728b)
Start importing Assets/Blueprints/Parts/harvester_part.asset using Guid(775f84824ad4daa4b9881e301b4b71dc) Importer(815301076,1909f56bfc062723c751e8b465ee728b)  -> (artifact id: '60db6d96d33df599aa0d7bb2708b50be') in 0.010796 seconds
  Import took 0.013015 seconds .

========================================================================
Received Import Request.
  Time since last request: 0.000224 seconds.
  path: Assets/Blueprints/Parts/Part17.asset
  artifactKey: Guid(d9f751348d567bb46bb4e40b7abdb295) Importer(815301076,1909f56bfc062723c751e8b465ee728b)
Start importing Assets/Blueprints/Parts/Part17.asset using Guid(d9f751348d567bb46bb4e40b7abdb295) Importer(815301076,1909f56bfc062723c751e8b465ee728b)  -> (artifact id: '6eb1318e5b4e7a69461a46b5ddc159a5') in 0.010088 seconds
  Import took 0.012848 seconds .

========================================================================
Received Import Request.
  Time since last request: 0.000295 seconds.
  path: Assets/Blueprints/Parts/bunker_part.asset
  artifactKey: Guid(290483ee4d6f18049b8319d9eb3368bf) Importer(815301076,1909f56bfc062723c751e8b465ee728b)
Start importing Assets/Blueprints/Parts/bunker_part.asset using Guid(290483ee4d6f18049b8319d9eb3368bf) Importer(815301076,1909f56bfc062723c751e8b465ee728b)  -> (artifact id: '1684ce5d9adb15a7a5da9c0bbef3e5d7') in 0.009097 seconds
  Import took 0.011019 seconds .

========================================================================
Received Import Request.
  Time since last request: 0.000283 seconds.
  path: Assets/Blueprints/Parts/mini_drone.asset
  artifactKey: Guid(07db7f82b1818fa42abd9883b41d61ca) Importer(815301076,1909f56bfc062723c751e8b465ee728b)
Start importing Assets/Blueprints/Parts/mini_drone.asset using Guid(07db7f82b1818fa42abd9883b41d61ca) Importer(815301076,1909f56bfc062723c751e8b465ee728b)  -> (artifact id: '38ea5ed8ce6ef8cdacb1ce0e4b14803a') in 0.010648 seconds
  Import took 0.013031 seconds .

========================================================================
Received Import Request.
  Time since last request: 76.918068 seconds.
  path: Assets/Blueprints/Entities/Crafts/Air Crafts
  artifactKey: Guid(fbdffedfa003baa4e8e2a565560c7da8) Importer(815301076,1909f56bfc062723c751e8b465ee728b)
Start importing Assets/Blueprints/Entities/Crafts/Air Crafts using Guid(fbdffedfa003baa4e8e2a565560c7da8) Importer(815301076,1909f56bfc062723c751e8b465ee728b)  -> (artifact id: '102dc91ca4a0af48bb959f7f2ccaa1aa') in 0.012299 seconds
  Import took 0.015135 seconds .

========================================================================
Received Import Request.
  Time since last request: 0.939329 seconds.
  path: Assets/Blueprints/Entities/Crafts/Air Crafts/Shellcores
  artifactKey: Guid(15acc56310318a5439311fd68c80a4aa) Importer(815301076,1909f56bfc062723c751e8b465ee728b)
Start importing Assets/Blueprints/Entities/Crafts/Air Crafts/Shellcores using Guid(15acc56310318a5439311fd68c80a4aa) Importer(815301076,1909f56bfc062723c751e8b465ee728b)  -> (artifact id: '959a17f676253e2dbfa4ba10cbabada5') in 0.012729 seconds
  Import took 0.015383 seconds .

========================================================================
Received Prepare
Registering precompiled user dll's ...
Registered in 0.003205 seconds.
Begin MonoManager ReloadAssembly
Native extension for WindowsStandalone target not found
Refreshing native plugins compatible for Editor in 0.29 ms, found 0 plugins.
Preloading 0 native plugins for Editor in 0.00 ms.
Invoked RoslynAnalysisRunner static constructor.
RoslynAnalysisRunner will not be running.
RoslynAnalysisRunner has terminated.
Mono: successfully reloaded assembly
- Completed reload, in  0.900 seconds
Platform modules already initialized, skipping
Refreshing native plugins compatible for Editor in 0.34 ms, found 0 plugins.
Preloading 0 native plugins for Editor in 0.00 ms.
Unloading 1076 Unused Serialized files (Serialized files now loaded: 0)
System memory in use before: 60.9 MB.
System memory in use after: 61.0 MB.

Unloading 8 unused Assets to reduce memory usage. Loaded Objects now: 1589.
Total: 1.652700 ms (FindLiveObjects: 0.122500 ms CreateObjectMapping: 0.034100 ms MarkObjects: 1.478000 ms  DeleteObjects: 0.016700 ms)

========================================================================
Received Prepare
Registering precompiled user dll's ...
Registered in 0.002429 seconds.
Begin MonoManager ReloadAssembly
Native extension for WindowsStandalone target not found
Refreshing native plugins compatible for Editor in 0.31 ms, found 0 plugins.
Preloading 0 native plugins for Editor in 0.00 ms.
Invoked RoslynAnalysisRunner static constructor.
RoslynAnalysisRunner will not be running.
RoslynAnalysisRunner has terminated.
Mono: successfully reloaded assembly
- Completed reload, in  0.952 seconds
Platform modules already initialized, skipping
Refreshing native plugins compatible for Editor in 0.40 ms, found 0 plugins.
Preloading 0 native plugins for Editor in 0.00 ms.
Unloading 1076 Unused Serialized files (Serialized files now loaded: 0)
System memory in use before: 61.0 MB.
System memory in use after: 61.0 MB.

Unloading 8 unused Assets to reduce memory usage. Loaded Objects now: 1592.
Total: 3.183200 ms (FindLiveObjects: 0.416000 ms CreateObjectMapping: 0.120000 ms MarkObjects: 2.609800 ms  DeleteObjects: 0.035100 ms)

========================================================================
Received Prepare
Registering precompiled user dll's ...
Registered in 0.004770 seconds.
Begin MonoManager ReloadAssembly
Native extension for WindowsStandalone target not found
Refreshing native plugins compatible for Editor in 0.30 ms, found 0 plugins.
Preloading 0 native plugins for Editor in 0.00 ms.
Invoked RoslynAnalysisRunner static constructor.
RoslynAnalysisRunner will not be running.
RoslynAnalysisRunner has terminated.
Mono: successfully reloaded assembly
- Completed reload, in  0.945 seconds
Platform modules already initialized, skipping
Refreshing native plugins compatible for Editor in 0.38 ms, found 0 plugins.
Preloading 0 native plugins for Editor in 0.00 ms.
Unloading 1076 Unused Serialized files (Serialized files now loaded: 0)
System memory in use before: 61.0 MB.
System memory in use after: 61.1 MB.

Unloading 8 unused Assets to reduce memory usage. Loaded Objects now: 1595.
Total: 3.641600 ms (FindLiveObjects: 0.143600 ms CreateObjectMapping: 0.064500 ms MarkObjects: 3.395600 ms  DeleteObjects: 0.035500 ms)

AssetImportWorkerClient::OnTransportError - code=2 error=End of file
